Arguments: 
  C:\Program Files\nodejs\node.exe C:\Program Files (x86)\Yarn\bin\yarn.js init

PATH: 
  C:\Users\Iamnauber\bin;C:\Program Files\Git\mingw64\bin;C:\Program Files\Git\usr\local\bin;C:\Program Files\Git\usr\bin;C:\Program Files\Git\usr\bin;C:\Program Files\Git\mingw64\bin;C:\Program Files\Git\usr\bin;C:\Users\Iamnauber\bin;C:\ProgramData\Oracle\Java\javapath;C:\Program Files (x86)\Common Files\Intel\Shared Libraries\redist\intel64\compiler;C:\Program Files (x86)\Common Files\Intel\Shared Libraries\redist\ia32\compiler;C:\WINDOWS\system32;C:\WINDOWS;C:\WINDOWS\System32\Wbem;C:\WINDOWS\System32\WindowsPowerShell\v1.0;C:\Program Files\Git\cmd;C:\Program Files\nodejs;C:\Program Files (x86)\Brackets\command;C:\Program Files (x86)\Yarn\bin;C:\Users\Iamnauber\AppData\Local\Microsoft\WindowsApps;C:\Users\Iamnauber\AppData\Local\Poker at bet365\data\QT;C:\Users\Iamnauber\AppData\Local\Poker at bet365\data\OpenSSL;C:\Users\Iamnauber\AppData\Local\.meteor;C:\Users\Iamnauber\AppData\Roaming\npm;C:\Users\Iamnauber\AppData\Local\Yarn\bin;C:\Users\Iamnauber\AppData\Local\Android\sdk\tools;C:\Users\Iamnauber\AppData\Local\Android\sdk\platform-tools;C:\Program Files\Git\usr\bin\vendor_perl;C:\Program Files\Git\usr\bin\core_perl

Yarn version: 
  0.24.5

Node version: 
  6.10.0

Platform: 
  win32 x64

npm manifest: 
  {
    "dependencies": {
      "choreographer-js": "^1.1.0"
    },
    "name": "vueportfolio",
    "version": "1.0.0",
    "description": "vueportfolio",
    "main": "vuePortfolio.js",
    "devDependencies": {},
    "scripts": {
      "test": "echo \"Error: no test specified\" && exit 1"
    },
    "author": "",
    "license": "ISC"
  }

yarn manifest: 
  No manifest

Lockfile: 
  # THIS IS AN AUTOGENERATED FILE. DO NOT EDIT THIS FILE DIRECTLY.
  # yarn lockfile v1
  
  
  choreographer-js@^1.1.0:
    version "1.1.0"
    resolved "https://registry.yarnpkg.com/choreographer-js/-/choreographer-js-1.1.0.tgz#2742991d3321b96c8d9e84fd0eba8712ef2446b9"

Trace: 
  Error: Can't answer a question unless a user TTY
      at ConsoleReporter.question (C:\Program Files (x86)\Yarn\lib\yarn-cli.js:78010:59)
      at Object.<anonymous> (C:\Program Files (x86)\Yarn\lib\yarn-cli.js:73805:38)
      at next (native)
      at step (C:\Program Files (x86)\Yarn\lib\yarn-cli.js:91:30)
      at C:\Program Files (x86)\Yarn\lib\yarn-cli.js:102:13
      at process._tickCallback (internal/process/next_tick.js:103:7)
